<?xml version="1.0" encoding="UTF-8"?>
<!-- Generated by org.testng.reporters.JUnitXMLReporter -->
<testsuite hostname="CBT-MH-000" name="Test" tests="5" failures="0" timestamp="30 Oct 2019 12:19:45 GMT" time="155.063" errors="0">
  <testcase name="tourmethos" time="19.22" classname="testcases.ts4ToursSearch"/>
  <testcase name="hsmethod" time="18.886" classname="testcases.testcase3flightsearch"/>
  <testcase name="method1" time="21.86" classname="testcases.Testcase2Registration"/>
  <testcase name="hsmethod" time="36.857" classname="testcases.ts5hotelsearch"/>
  <testcase name="test1" time="43.248" classname="testcases.testcase1login"/>
</testsuite> <!-- Test -->
