<?xml version="1.0" encoding="UTF-8"?>
<testng-results skipped="0" failed="0" total="1" passed="1">
  <reporter-output>
  </reporter-output>
  <suite name="Default suite" duration-ms="18724" started-at="2019-10-31T06:23:30Z" finished-at="2019-10-31T06:23:49Z">
    <groups>
    </groups>
    <test name="Default test" duration-ms="18724" started-at="2019-10-31T06:23:30Z" finished-at="2019-10-31T06:23:49Z">
      <class name="testcases.ts5hotelsearch">
        <test-method status="PASS" signature="hsmethod()[pri:0, instance:testcases.ts5hotelsearch@6325a3ee]" name="hsmethod" duration-ms="18702" started-at="2019-10-31T11:53:30Z" finished-at="2019-10-31T11:53:49Z">
          <reporter-output>
          </reporter-output>
        </test-method> <!-- hsmethod -->
      </class> <!-- testcases.ts5hotelsearch -->
    </test> <!-- Default test -->
  </suite> <!-- Default suite -->
</testng-results>
